{"C:\\Users\\Moises\\programacion\\portfolio-manager\\src\\controller\\controllerProfile.js": {"path":"C:\\Users\\Moises\\programacion\\portfolio-manager\\src\\controller\\controllerProfile.js","statementMap":{"0":{"start":{"line":10,"column":1},"end":{"line":14,"column":2}},"1":{"start":{"line":11,"column":16},"end":{"line":11,"column":54}},"2":{"start":{"line":12,"column":2},"end":{"line":12,"column":24}},"3":{"start":{"line":13,"column":2},"end":{"line":13,"column":13}},"4":{"start":{"line":16,"column":1},"end":{"line":23,"column":2}},"5":{"start":{"line":17,"column":18},"end":{"line":17,"column":53}},"6":{"start":{"line":18,"column":2},"end":{"line":18,"column":43}},"7":{"start":{"line":19,"column":2},"end":{"line":19,"column":16}},"8":{"start":{"line":21,"column":2},"end":{"line":21,"column":53}},"9":{"start":{"line":22,"column":2},"end":{"line":22,"column":13}},"10":{"start":{"line":27,"column":1},"end":{"line":34,"column":2}},"11":{"start":{"line":28,"column":19},"end":{"line":28,"column":41}},"12":{"start":{"line":29,"column":2},"end":{"line":29,"column":48}},"13":{"start":{"line":30,"column":2},"end":{"line":30,"column":17}},"14":{"start":{"line":32,"column":2},"end":{"line":32,"column":54}},"15":{"start":{"line":33,"column":2},"end":{"line":33,"column":13}},"16":{"start":{"line":38,"column":1},"end":{"line":44,"column":2}},"17":{"start":{"line":39,"column":18},"end":{"line":39,"column":42}},"18":{"start":{"line":40,"column":2},"end":{"line":40,"column":16}},"19":{"start":{"line":42,"column":2},"end":{"line":42,"column":54}},"20":{"start":{"line":43,"column":2},"end":{"line":43,"column":13}},"21":{"start":{"line":48,"column":1},"end":{"line":54,"column":2}},"22":{"start":{"line":49,"column":18},"end":{"line":49,"column":40}},"23":{"start":{"line":50,"column":2},"end":{"line":50,"column":16}},"24":{"start":{"line":52,"column":2},"end":{"line":52,"column":54}},"25":{"start":{"line":53,"column":2},"end":{"line":53,"column":13}}},"fnMap":{"0":{"name":"handleCreateProfile","decl":{"start":{"line":9,"column":22},"end":{"line":9,"column":41}},"loc":{"start":{"line":9,"column":58},"end":{"line":24,"column":1}},"line":9},"1":{"name":"handleGetAllProfiles","decl":{"start":{"line":26,"column":22},"end":{"line":26,"column":42}},"loc":{"start":{"line":26,"column":45},"end":{"line":35,"column":1}},"line":26},"2":{"name":"handleGetProfileById","decl":{"start":{"line":37,"column":22},"end":{"line":37,"column":42}},"loc":{"start":{"line":37,"column":47},"end":{"line":45,"column":1}},"line":37},"3":{"name":"handleGetLastProfile","decl":{"start":{"line":47,"column":22},"end":{"line":47,"column":42}},"loc":{"start":{"line":47,"column":45},"end":{"line":55,"column":1}},"line":47}},"branchMap":{"0":{"loc":{"start":{"line":10,"column":1},"end":{"line":14,"column":2}},"type":"if","locations":[{"start":{"line":10,"column":1},"end":{"line":14,"column":2}},{"start":{},"end":{}}],"line":10},"1":{"loc":{"start":{"line":10,"column":5},"end":{"line":10,"column":19}},"type":"binary-expr","locations":[{"start":{"line":10,"column":5},"end":{"line":10,"column":11}},{"start":{"line":10,"column":15},"end":{"line":10,"column":19}}],"line":10}},"s":{"0":0,"1":0,"2":0,"3":0,"4":0,"5":0,"6":0,"7":0,"8":0,"9":0,"10":0,"11":0,"12":0,"13":0,"14":0,"15":0,"16":0,"17":0,"18":0,"19":0,"20":0,"21":0,"22":0,"23":0,"24":0,"25":0},"f":{"0":0,"1":0,"2":0,"3":0},"b":{"0":[0,0],"1":[0,0]},"inputSourceMap":null}
,"C:\\Users\\Moises\\programacion\\portfolio-manager\\src\\db\\sqliteClient.js": {"path":"C:\\Users\\Moises\\programacion\\portfolio-manager\\src\\db\\sqliteClient.js","statementMap":{"0":{"start":{"line":6,"column":0},"end":{"line":6,"column":17}},"1":{"start":{"line":8,"column":17},"end":{"line":8,"column":72}},"2":{"start":{"line":9,"column":16},"end":{"line":9,"column":35}},"3":{"start":{"line":11,"column":17},"end":{"line":11,"column":21}},"4":{"start":{"line":14,"column":1},"end":{"line":16,"column":2}},"5":{"start":{"line":15,"column":2},"end":{"line":15,"column":19}},"6":{"start":{"line":18,"column":1},"end":{"line":21,"column":2}},"7":{"start":{"line":19,"column":2},"end":{"line":19,"column":45}},"8":{"start":{"line":20,"column":2},"end":{"line":20,"column":36}},"9":{"start":{"line":23,"column":1},"end":{"line":30,"column":3}},"10":{"start":{"line":24,"column":2},"end":{"line":29,"column":3}},"11":{"start":{"line":25,"column":3},"end":{"line":25,"column":48}},"12":{"start":{"line":26,"column":3},"end":{"line":26,"column":24}},"13":{"start":{"line":28,"column":3},"end":{"line":28,"column":43}},"14":{"start":{"line":32,"column":1},"end":{"line":32,"column":18}},"15":{"start":{"line":36,"column":12},"end":{"line":36,"column":29}},"16":{"start":{"line":38,"column":31},"end":{"line":45,"column":2}},"17":{"start":{"line":47,"column":31},"end":{"line":56,"column":2}},"18":{"start":{"line":58,"column":1},"end":{"line":66,"column":3}},"19":{"start":{"line":59,"column":2},"end":{"line":65,"column":4}},"20":{"start":{"line":60,"column":3},"end":{"line":64,"column":4}},"21":{"start":{"line":61,"column":4},"end":{"line":61,"column":57}},"22":{"start":{"line":63,"column":4},"end":{"line":63,"column":68}},"23":{"start":{"line":68,"column":1},"end":{"line":76,"column":3}},"24":{"start":{"line":69,"column":2},"end":{"line":75,"column":4}},"25":{"start":{"line":70,"column":3},"end":{"line":74,"column":4}},"26":{"start":{"line":71,"column":4},"end":{"line":71,"column":57}},"27":{"start":{"line":73,"column":4},"end":{"line":73,"column":68}},"28":{"start":{"line":80,"column":1},"end":{"line":89,"column":2}},"29":{"start":{"line":81,"column":2},"end":{"line":87,"column":4}},"30":{"start":{"line":82,"column":3},"end":{"line":86,"column":4}},"31":{"start":{"line":83,"column":4},"end":{"line":83,"column":42}},"32":{"start":{"line":85,"column":4},"end":{"line":85,"column":40}},"33":{"start":{"line":88,"column":2},"end":{"line":88,"column":19}}},"fnMap":{"0":{"name":"getDbConnection","decl":{"start":{"line":13,"column":16},"end":{"line":13,"column":31}},"loc":{"start":{"line":13,"column":34},"end":{"line":33,"column":1}},"line":13},"1":{"name":"(anonymous_1)","decl":{"start":{"line":23,"column":44},"end":{"line":23,"column":45}},"loc":{"start":{"line":23,"column":51},"end":{"line":30,"column":2}},"line":23},"2":{"name":"initializeDataBase","decl":{"start":{"line":35,"column":16},"end":{"line":35,"column":34}},"loc":{"start":{"line":35,"column":37},"end":{"line":77,"column":1}},"line":35},"3":{"name":"(anonymous_3)","decl":{"start":{"line":58,"column":14},"end":{"line":58,"column":15}},"loc":{"start":{"line":58,"column":20},"end":{"line":66,"column":2}},"line":58},"4":{"name":"(anonymous_4)","decl":{"start":{"line":59,"column":32},"end":{"line":59,"column":33}},"loc":{"start":{"line":59,"column":39},"end":{"line":65,"column":3}},"line":59},"5":{"name":"(anonymous_5)","decl":{"start":{"line":68,"column":14},"end":{"line":68,"column":15}},"loc":{"start":{"line":68,"column":20},"end":{"line":76,"column":2}},"line":68},"6":{"name":"(anonymous_6)","decl":{"start":{"line":69,"column":32},"end":{"line":69,"column":33}},"loc":{"start":{"line":69,"column":39},"end":{"line":75,"column":3}},"line":69},"7":{"name":"closeDbConnection","decl":{"start":{"line":79,"column":16},"end":{"line":79,"column":33}},"loc":{"start":{"line":79,"column":36},"end":{"line":90,"column":1}},"line":79},"8":{"name":"(anonymous_8)","decl":{"start":{"line":81,"column":19},"end":{"line":81,"column":20}},"loc":{"start":{"line":81,"column":26},"end":{"line":87,"column":3}},"line":81}},"branchMap":{"0":{"loc":{"start":{"line":8,"column":42},"end":{"line":8,"column":71}},"type":"binary-expr","locations":[{"start":{"line":8,"column":42},"end":{"line":8,"column":61}},{"start":{"line":8,"column":65},"end":{"line":8,"column":71}}],"line":8},"1":{"loc":{"start":{"line":14,"column":1},"end":{"line":16,"column":2}},"type":"if","locations":[{"start":{"line":14,"column":1},"end":{"line":16,"column":2}},{"start":{},"end":{}}],"line":14},"2":{"loc":{"start":{"line":18,"column":1},"end":{"line":21,"column":2}},"type":"if","locations":[{"start":{"line":18,"column":1},"end":{"line":21,"column":2}},{"start":{},"end":{}}],"line":18},"3":{"loc":{"start":{"line":24,"column":2},"end":{"line":29,"column":3}},"type":"if","locations":[{"start":{"line":24,"column":2},"end":{"line":29,"column":3}},{"start":{"line":27,"column":9},"end":{"line":29,"column":3}}],"line":24},"4":{"loc":{"start":{"line":60,"column":3},"end":{"line":64,"column":4}},"type":"if","locations":[{"start":{"line":60,"column":3},"end":{"line":64,"column":4}},{"start":{"line":62,"column":10},"end":{"line":64,"column":4}}],"line":60},"5":{"loc":{"start":{"line":70,"column":3},"end":{"line":74,"column":4}},"type":"if","locations":[{"start":{"line":70,"column":3},"end":{"line":74,"column":4}},{"start":{"line":72,"column":10},"end":{"line":74,"column":4}}],"line":70},"6":{"loc":{"start":{"line":80,"column":1},"end":{"line":89,"column":2}},"type":"if","locations":[{"start":{"line":80,"column":1},"end":{"line":89,"column":2}},{"start":{},"end":{}}],"line":80},"7":{"loc":{"start":{"line":82,"column":3},"end":{"line":86,"column":4}},"type":"if","locations":[{"start":{"line":82,"column":3},"end":{"line":86,"column":4}},{"start":{"line":84,"column":10},"end":{"line":86,"column":4}}],"line":82}},"s":{"0":1,"1":1,"2":1,"3":1,"4":0,"5":0,"6":0,"7":0,"8":0,"9":0,"10":0,"11":0,"12":0,"13":0,"14":0,"15":0,"16":0,"17":0,"18":0,"19":0,"20":0,"21":0,"22":0,"23":0,"24":0,"25":0,"26":0,"27":0,"28":0,"29":0,"30":0,"31":0,"32":0,"33":0},"f":{"0":0,"1":0,"2":0,"3":0,"4":0,"5":0,"6":0,"7":0,"8":0},"b":{"0":[1,1],"1":[0,0],"2":[0,0],"3":[0,0],"4":[0,0],"5":[0,0],"6":[0,0],"7":[0,0]},"inputSourceMap":null,"_coverageSchema":"1a1c01bbd47fc00a2c39e90264f33305004495a9","hash":"4bf08ab57c3af62dfe8ef52a04d55c005b8b8641"}
,"C:\\Users\\Moises\\programacion\\portfolio-manager\\src\\middleware\\validateProfile.js": {"path":"C:\\Users\\Moises\\programacion\\portfolio-manager\\src\\middleware\\validateProfile.js","statementMap":{"0":{"start":{"line":2,"column":24},"end":{"line":2,"column":32}},"1":{"start":{"line":4,"column":1},"end":{"line":8,"column":2}},"2":{"start":{"line":5,"column":2},"end":{"line":7,"column":4}},"3":{"start":{"line":10,"column":1},"end":{"line":14,"column":2}},"4":{"start":{"line":11,"column":2},"end":{"line":13,"column":4}},"5":{"start":{"line":16,"column":1},"end":{"line":20,"column":2}},"6":{"start":{"line":17,"column":2},"end":{"line":19,"column":4}},"7":{"start":{"line":22,"column":1},"end":{"line":26,"column":2}},"8":{"start":{"line":23,"column":2},"end":{"line":25,"column":4}},"9":{"start":{"line":28,"column":1},"end":{"line":28,"column":7}}},"fnMap":{"0":{"name":"validateProfileInput","decl":{"start":{"line":1,"column":16},"end":{"line":1,"column":36}},"loc":{"start":{"line":1,"column":53},"end":{"line":29,"column":1}},"line":1}},"branchMap":{"0":{"loc":{"start":{"line":4,"column":1},"end":{"line":8,"column":2}},"type":"if","locations":[{"start":{"line":4,"column":1},"end":{"line":8,"column":2}},{"start":{},"end":{}}],"line":4},"1":{"loc":{"start":{"line":4,"column":5},"end":{"line":4,"column":19}},"type":"binary-expr","locations":[{"start":{"line":4,"column":5},"end":{"line":4,"column":11}},{"start":{"line":4,"column":15},"end":{"line":4,"column":19}}],"line":4},"2":{"loc":{"start":{"line":10,"column":1},"end":{"line":14,"column":2}},"type":"if","locations":[{"start":{"line":10,"column":1},"end":{"line":14,"column":2}},{"start":{},"end":{}}],"line":10},"3":{"loc":{"start":{"line":10,"column":5},"end":{"line":10,"column":57}},"type":"binary-expr","locations":[{"start":{"line":10,"column":5},"end":{"line":10,"column":30}},{"start":{"line":10,"column":34},"end":{"line":10,"column":57}}],"line":10},"4":{"loc":{"start":{"line":16,"column":1},"end":{"line":20,"column":2}},"type":"if","locations":[{"start":{"line":16,"column":1},"end":{"line":20,"column":2}},{"start":{},"end":{}}],"line":16},"5":{"loc":{"start":{"line":22,"column":1},"end":{"line":26,"column":2}},"type":"if","locations":[{"start":{"line":22,"column":1},"end":{"line":26,"column":2}},{"start":{},"end":{}}],"line":22}},"s":{"0":11,"1":11,"2":2,"3":9,"4":2,"5":7,"6":2,"7":5,"8":2,"9":3},"f":{"0":11},"b":{"0":[2,9],"1":[11,10],"2":[2,7],"3":[9,8],"4":[2,5],"5":[2,3]},"inputSourceMap":null,"_coverageSchema":"1a1c01bbd47fc00a2c39e90264f33305004495a9","hash":"29c4cb41a092821965c7de0fab8e367dbc977feb"}
,"C:\\Users\\Moises\\programacion\\portfolio-manager\\src\\middleware\\validateProject.js": {"path":"C:\\Users\\Moises\\programacion\\portfolio-manager\\src\\middleware\\validateProject.js","statementMap":{"0":{"start":{"line":11,"column":26},"end":{"line":11,"column":28}},"1":{"start":{"line":12,"column":32},"end":{"line":12,"column":34}},"2":{"start":{"line":14,"column":37},"end":{"line":14,"column":45}},"3":{"start":{"line":17,"column":1},"end":{"line":19,"column":2}},"4":{"start":{"line":18,"column":2},"end":{"line":18,"column":70}},"5":{"start":{"line":21,"column":1},"end":{"line":23,"column":2}},"6":{"start":{"line":22,"column":2},"end":{"line":22,"column":61}},"7":{"start":{"line":25,"column":1},"end":{"line":27,"column":2}},"8":{"start":{"line":26,"column":2},"end":{"line":26,"column":102}},"9":{"start":{"line":29,"column":1},"end":{"line":31,"column":2}},"10":{"start":{"line":30,"column":2},"end":{"line":30,"column":115}},"11":{"start":{"line":33,"column":1},"end":{"line":35,"column":2}},"12":{"start":{"line":34,"column":2},"end":{"line":34,"column":46}},"13":{"start":{"line":37,"column":1},"end":{"line":37,"column":7}}},"fnMap":{"0":{"name":"validateProject","decl":{"start":{"line":10,"column":16},"end":{"line":10,"column":31}},"loc":{"start":{"line":10,"column":48},"end":{"line":38,"column":1}},"line":10}},"branchMap":{"0":{"loc":{"start":{"line":17,"column":1},"end":{"line":19,"column":2}},"type":"if","locations":[{"start":{"line":17,"column":1},"end":{"line":19,"column":2}},{"start":{},"end":{}}],"line":17},"1":{"loc":{"start":{"line":17,"column":4},"end":{"line":17,"column":62}},"type":"binary-expr","locations":[{"start":{"line":17,"column":4},"end":{"line":17,"column":28}},{"start":{"line":17,"column":32},"end":{"line":17,"column":62}}],"line":17},"2":{"loc":{"start":{"line":21,"column":1},"end":{"line":23,"column":2}},"type":"if","locations":[{"start":{"line":21,"column":1},"end":{"line":23,"column":2}},{"start":{},"end":{}}],"line":21},"3":{"loc":{"start":{"line":21,"column":4},"end":{"line":21,"column":54}},"type":"binary-expr","locations":[{"start":{"line":21,"column":4},"end":{"line":21,"column":24}},{"start":{"line":21,"column":28},"end":{"line":21,"column":54}}],"line":21},"4":{"loc":{"start":{"line":25,"column":1},"end":{"line":27,"column":2}},"type":"if","locations":[{"start":{"line":25,"column":1},"end":{"line":27,"column":2}},{"start":{},"end":{}}],"line":25},"5":{"loc":{"start":{"line":29,"column":1},"end":{"line":31,"column":2}},"type":"if","locations":[{"start":{"line":29,"column":1},"end":{"line":31,"column":2}},{"start":{},"end":{}}],"line":29},"6":{"loc":{"start":{"line":33,"column":1},"end":{"line":35,"column":2}},"type":"if","locations":[{"start":{"line":33,"column":1},"end":{"line":35,"column":2}},{"start":{},"end":{}}],"line":33}},"s":{"0":0,"1":0,"2":0,"3":0,"4":0,"5":0,"6":0,"7":0,"8":0,"9":0,"10":0,"11":0,"12":0,"13":0},"f":{"0":0},"b":{"0":[0,0],"1":[0,0],"2":[0,0],"3":[0,0],"4":[0,0],"5":[0,0],"6":[0,0]},"inputSourceMap":null}
,"C:\\Users\\Moises\\programacion\\portfolio-manager\\src\\middleware\\helpers\\sendError.js": {"path":"C:\\Users\\Moises\\programacion\\portfolio-manager\\src\\middleware\\helpers\\sendError.js","statementMap":{"0":{"start":{"line":2,"column":1},"end":{"line":2,"column":41}}},"fnMap":{"0":{"name":"sendError","decl":{"start":{"line":1,"column":9},"end":{"line":1,"column":18}},"loc":{"start":{"line":1,"column":33},"end":{"line":3,"column":1}},"line":1}},"branchMap":{},"s":{"0":0},"f":{"0":0},"b":{},"inputSourceMap":null}
,"C:\\Users\\Moises\\programacion\\portfolio-manager\\src\\middleware\\helpers\\validateString.js": {"path":"C:\\Users\\Moises\\programacion\\portfolio-manager\\src\\middleware\\helpers\\validateString.js","statementMap":{"0":{"start":{"line":2,"column":1},"end":{"line":2,"column":27}},"1":{"start":{"line":6,"column":1},"end":{"line":6,"column":34}},"2":{"start":{"line":10,"column":1},"end":{"line":10,"column":33}},"3":{"start":{"line":14,"column":1},"end":{"line":19,"column":2}},"4":{"start":{"line":15,"column":14},"end":{"line":15,"column":28}},"5":{"start":{"line":16,"column":2},"end":{"line":16,"column":13}},"6":{"start":{"line":18,"column":2},"end":{"line":18,"column":14}}},"fnMap":{"0":{"name":"isNonEmptyString","decl":{"start":{"line":1,"column":9},"end":{"line":1,"column":25}},"loc":{"start":{"line":1,"column":33},"end":{"line":3,"column":1}},"line":1},"1":{"name":"hadMinLen","decl":{"start":{"line":5,"column":9},"end":{"line":5,"column":18}},"loc":{"start":{"line":5,"column":31},"end":{"line":7,"column":1}},"line":5},"2":{"name":"isTypeString","decl":{"start":{"line":9,"column":9},"end":{"line":9,"column":21}},"loc":{"start":{"line":9,"column":29},"end":{"line":11,"column":1}},"line":9},"3":{"name":"isURLValid","decl":{"start":{"line":13,"column":9},"end":{"line":13,"column":19}},"loc":{"start":{"line":13,"column":27},"end":{"line":20,"column":1}},"line":13}},"branchMap":{},"s":{"0":0,"1":0,"2":0,"3":0,"4":0,"5":0,"6":0},"f":{"0":0,"1":0,"2":0,"3":0},"b":{},"inputSourceMap":null}
,"C:\\Users\\Moises\\programacion\\portfolio-manager\\src\\model\\modelProfile.js": {"path":"C:\\Users\\Moises\\programacion\\portfolio-manager\\src\\model\\modelProfile.js","statementMap":{"0":{"start":{"line":5,"column":12},"end":{"line":5,"column":29}},"1":{"start":{"line":7,"column":13},"end":{"line":10,"column":2}},"2":{"start":{"line":12,"column":1},"end":{"line":28,"column":3}},"3":{"start":{"line":13,"column":2},"end":{"line":27,"column":4}},"4":{"start":{"line":14,"column":3},"end":{"line":26,"column":4}},"5":{"start":{"line":15,"column":4},"end":{"line":15,"column":48}},"6":{"start":{"line":16,"column":4},"end":{"line":16,"column":15}},"7":{"start":{"line":18,"column":23},"end":{"line":22,"column":5}},"8":{"start":{"line":24,"column":4},"end":{"line":24,"column":55}},"9":{"start":{"line":25,"column":4},"end":{"line":25,"column":23}},"10":{"start":{"line":32,"column":12},"end":{"line":32,"column":29}},"11":{"start":{"line":34,"column":13},"end":{"line":38,"column":2}},"12":{"start":{"line":40,"column":1},"end":{"line":50,"column":3}},"13":{"start":{"line":41,"column":2},"end":{"line":49,"column":4}},"14":{"start":{"line":42,"column":3},"end":{"line":48,"column":4}},"15":{"start":{"line":43,"column":4},"end":{"line":43,"column":60}},"16":{"start":{"line":44,"column":4},"end":{"line":44,"column":15}},"17":{"start":{"line":46,"column":4},"end":{"line":46,"column":63}},"18":{"start":{"line":47,"column":4},"end":{"line":47,"column":25}},"19":{"start":{"line":54,"column":12},"end":{"line":54,"column":29}},"20":{"start":{"line":56,"column":13},"end":{"line":60,"column":2}},"21":{"start":{"line":62,"column":1},"end":{"line":72,"column":3}},"22":{"start":{"line":63,"column":2},"end":{"line":71,"column":4}},"23":{"start":{"line":64,"column":3},"end":{"line":70,"column":4}},"24":{"start":{"line":65,"column":4},"end":{"line":65,"column":61}},"25":{"start":{"line":66,"column":4},"end":{"line":66,"column":15}},"26":{"start":{"line":68,"column":4},"end":{"line":68,"column":41}},"27":{"start":{"line":69,"column":4},"end":{"line":69,"column":24}},"28":{"start":{"line":76,"column":12},"end":{"line":76,"column":29}},"29":{"start":{"line":78,"column":13},"end":{"line":83,"column":2}},"30":{"start":{"line":85,"column":1},"end":{"line":95,"column":3}},"31":{"start":{"line":86,"column":2},"end":{"line":94,"column":4}},"32":{"start":{"line":87,"column":3},"end":{"line":93,"column":4}},"33":{"start":{"line":88,"column":4},"end":{"line":88,"column":55}},"34":{"start":{"line":89,"column":4},"end":{"line":89,"column":15}},"35":{"start":{"line":91,"column":4},"end":{"line":91,"column":42}},"36":{"start":{"line":92,"column":4},"end":{"line":92,"column":24}}},"fnMap":{"0":{"name":"createProfile","decl":{"start":{"line":4,"column":16},"end":{"line":4,"column":29}},"loc":{"start":{"line":4,"column":46},"end":{"line":29,"column":1}},"line":4},"1":{"name":"(anonymous_1)","decl":{"start":{"line":12,"column":20},"end":{"line":12,"column":21}},"loc":{"start":{"line":12,"column":41},"end":{"line":28,"column":2}},"line":12},"2":{"name":"(anonymous_2)","decl":{"start":{"line":13,"column":28},"end":{"line":13,"column":29}},"loc":{"start":{"line":13,"column":42},"end":{"line":27,"column":3}},"line":13},"3":{"name":"getAllProfiles","decl":{"start":{"line":31,"column":16},"end":{"line":31,"column":30}},"loc":{"start":{"line":31,"column":33},"end":{"line":51,"column":1}},"line":31},"4":{"name":"(anonymous_4)","decl":{"start":{"line":40,"column":20},"end":{"line":40,"column":21}},"loc":{"start":{"line":40,"column":41},"end":{"line":50,"column":2}},"line":40},"5":{"name":"(anonymous_5)","decl":{"start":{"line":41,"column":18},"end":{"line":41,"column":19}},"loc":{"start":{"line":41,"column":33},"end":{"line":49,"column":3}},"line":41},"6":{"name":"getProfileById","decl":{"start":{"line":53,"column":16},"end":{"line":53,"column":30}},"loc":{"start":{"line":53,"column":35},"end":{"line":73,"column":1}},"line":53},"7":{"name":"(anonymous_7)","decl":{"start":{"line":62,"column":20},"end":{"line":62,"column":21}},"loc":{"start":{"line":62,"column":41},"end":{"line":72,"column":2}},"line":62},"8":{"name":"(anonymous_8)","decl":{"start":{"line":63,"column":20},"end":{"line":63,"column":21}},"loc":{"start":{"line":63,"column":34},"end":{"line":71,"column":3}},"line":63},"9":{"name":"getLastProfile","decl":{"start":{"line":75,"column":16},"end":{"line":75,"column":30}},"loc":{"start":{"line":75,"column":33},"end":{"line":96,"column":1}},"line":75},"10":{"name":"(anonymous_10)","decl":{"start":{"line":85,"column":20},"end":{"line":85,"column":21}},"loc":{"start":{"line":85,"column":41},"end":{"line":95,"column":2}},"line":85},"11":{"name":"(anonymous_11)","decl":{"start":{"line":86,"column":18},"end":{"line":86,"column":19}},"loc":{"start":{"line":86,"column":32},"end":{"line":94,"column":3}},"line":86}},"branchMap":{"0":{"loc":{"start":{"line":14,"column":3},"end":{"line":26,"column":4}},"type":"if","locations":[{"start":{"line":14,"column":3},"end":{"line":26,"column":4}},{"start":{"line":17,"column":10},"end":{"line":26,"column":4}}],"line":14},"1":{"loc":{"start":{"line":42,"column":3},"end":{"line":48,"column":4}},"type":"if","locations":[{"start":{"line":42,"column":3},"end":{"line":48,"column":4}},{"start":{"line":45,"column":10},"end":{"line":48,"column":4}}],"line":42},"2":{"loc":{"start":{"line":46,"column":34},"end":{"line":46,"column":51}},"type":"binary-expr","locations":[{"start":{"line":46,"column":34},"end":{"line":46,"column":46}},{"start":{"line":46,"column":50},"end":{"line":46,"column":51}}],"line":46},"3":{"loc":{"start":{"line":47,"column":12},"end":{"line":47,"column":24}},"type":"binary-expr","locations":[{"start":{"line":47,"column":12},"end":{"line":47,"column":16}},{"start":{"line":47,"column":20},"end":{"line":47,"column":24}}],"line":47},"4":{"loc":{"start":{"line":64,"column":3},"end":{"line":70,"column":4}},"type":"if","locations":[{"start":{"line":64,"column":3},"end":{"line":70,"column":4}},{"start":{"line":67,"column":10},"end":{"line":70,"column":4}}],"line":64},"5":{"loc":{"start":{"line":69,"column":12},"end":{"line":69,"column":23}},"type":"binary-expr","locations":[{"start":{"line":69,"column":12},"end":{"line":69,"column":15}},{"start":{"line":69,"column":19},"end":{"line":69,"column":23}}],"line":69},"6":{"loc":{"start":{"line":87,"column":3},"end":{"line":93,"column":4}},"type":"if","locations":[{"start":{"line":87,"column":3},"end":{"line":93,"column":4}},{"start":{"line":90,"column":10},"end":{"line":93,"column":4}}],"line":87},"7":{"loc":{"start":{"line":92,"column":12},"end":{"line":92,"column":23}},"type":"binary-expr","locations":[{"start":{"line":92,"column":12},"end":{"line":92,"column":15}},{"start":{"line":92,"column":19},"end":{"line":92,"column":23}}],"line":92}},"s":{"0":0,"1":0,"2":0,"3":0,"4":0,"5":0,"6":0,"7":0,"8":0,"9":0,"10":0,"11":0,"12":0,"13":0,"14":0,"15":0,"16":0,"17":0,"18":0,"19":0,"20":0,"21":0,"22":0,"23":0,"24":0,"25":0,"26":0,"27":0,"28":0,"29":0,"30":0,"31":0,"32":0,"33":0,"34":0,"35":0,"36":0},"f":{"0":0,"1":0,"2":0,"3":0,"4":0,"5":0,"6":0,"7":0,"8":0,"9":0,"10":0,"11":0},"b":{"0":[0,0],"1":[0,0],"2":[0,0],"3":[0,0],"4":[0,0],"5":[0,0],"6":[0,0],"7":[0,0]},"inputSourceMap":null,"_coverageSchema":"1a1c01bbd47fc00a2c39e90264f33305004495a9","hash":"6bb898e757dfac00504f03f9497039ecf92c06d4"}
,"C:\\Users\\Moises\\programacion\\portfolio-manager\\src\\model\\modelProject.js": {"path":"C:\\Users\\Moises\\programacion\\portfolio-manager\\src\\model\\modelProject.js","statementMap":{},"fnMap":{},"branchMap":{},"s":{},"f":{},"b":{},"inputSourceMap":null}
,"C:\\Users\\Moises\\programacion\\portfolio-manager\\src\\routes\\routerAdmin.js": {"path":"C:\\Users\\Moises\\programacion\\portfolio-manager\\src\\routes\\routerAdmin.js","statementMap":{"0":{"start":{"line":13,"column":20},"end":{"line":13,"column":29}},"1":{"start":{"line":15,"column":0},"end":{"line":15,"column":37}},"2":{"start":{"line":16,"column":0},"end":{"line":16,"column":58}},"3":{"start":{"line":18,"column":0},"end":{"line":31,"column":2}},"4":{"start":{"line":19,"column":1},"end":{"line":30,"column":2}},"5":{"start":{"line":20,"column":22},"end":{"line":20,"column":50}},"6":{"start":{"line":22,"column":2},"end":{"line":25,"column":4}},"7":{"start":{"line":28,"column":2},"end":{"line":28,"column":50}},"8":{"start":{"line":29,"column":2},"end":{"line":29,"column":67}}},"fnMap":{"0":{"name":"(anonymous_0)","decl":{"start":{"line":18,"column":26},"end":{"line":18,"column":27}},"loc":{"start":{"line":18,"column":46},"end":{"line":31,"column":1}},"line":18}},"branchMap":{"0":{"loc":{"start":{"line":23,"column":8},"end":{"line":23,"column":29}},"type":"binary-expr","locations":[{"start":{"line":23,"column":8},"end":{"line":23,"column":23}},{"start":{"line":23,"column":27},"end":{"line":23,"column":29}}],"line":23},"1":{"loc":{"start":{"line":24,"column":10},"end":{"line":24,"column":33}},"type":"binary-expr","locations":[{"start":{"line":24,"column":10},"end":{"line":24,"column":27}},{"start":{"line":24,"column":31},"end":{"line":24,"column":33}}],"line":24}},"s":{"0":0,"1":0,"2":0,"3":0,"4":0,"5":0,"6":0,"7":0,"8":0},"f":{"0":0},"b":{"0":[0,0],"1":[0,0]},"inputSourceMap":null}
,"C:\\Users\\Moises\\programacion\\portfolio-manager\\src\\routes\\routerApi.js": {"path":"C:\\Users\\Moises\\programacion\\portfolio-manager\\src\\routes\\routerApi.js","statementMap":{"0":{"start":{"line":14,"column":18},"end":{"line":14,"column":27}},"1":{"start":{"line":16,"column":15},"end":{"line":16,"column":43}},"2":{"start":{"line":18,"column":19},"end":{"line":18,"column":49}},"3":{"start":{"line":19,"column":18},"end":{"line":19,"column":42}},"4":{"start":{"line":21,"column":0},"end":{"line":34,"column":2}},"5":{"start":{"line":22,"column":24},"end":{"line":22,"column":32}},"6":{"start":{"line":24,"column":1},"end":{"line":33,"column":2}},"7":{"start":{"line":25,"column":18},"end":{"line":25,"column":59}},"8":{"start":{"line":26,"column":2},"end":{"line":29,"column":4}},"9":{"start":{"line":31,"column":2},"end":{"line":31,"column":58}},"10":{"start":{"line":32,"column":2},"end":{"line":32,"column":65}},"11":{"start":{"line":36,"column":0},"end":{"line":38,"column":2}},"12":{"start":{"line":40,"column":0},"end":{"line":70,"column":2}},"13":{"start":{"line":41,"column":19},"end":{"line":41,"column":27}},"14":{"start":{"line":42,"column":14},"end":{"line":42,"column":22}},"15":{"start":{"line":44,"column":1},"end":{"line":44,"column":90}},"16":{"start":{"line":44,"column":23},"end":{"line":44,"column":88}},"17":{"start":{"line":46,"column":19},"end":{"line":46,"column":55}},"18":{"start":{"line":48,"column":1},"end":{"line":50,"column":2}},"19":{"start":{"line":49,"column":2},"end":{"line":49,"column":45}},"20":{"start":{"line":54,"column":1},"end":{"line":58,"column":2}},"21":{"start":{"line":54,"column":32},"end":{"line":54,"column":55}},"22":{"start":{"line":55,"column":6},"end":{"line":58,"column":2}},"23":{"start":{"line":55,"column":29},"end":{"line":55,"column":48}},"24":{"start":{"line":57,"column":2},"end":{"line":57,"column":64}},"25":{"start":{"line":60,"column":18},"end":{"line":60,"column":48}},"26":{"start":{"line":62,"column":1},"end":{"line":69,"column":3}},"27":{"start":{"line":63,"column":2},"end":{"line":66,"column":3}},"28":{"start":{"line":64,"column":3},"end":{"line":64,"column":50}},"29":{"start":{"line":65,"column":3},"end":{"line":65,"column":56}},"30":{"start":{"line":68,"column":2},"end":{"line":68,"column":51}}},"fnMap":{"0":{"name":"(anonymous_0)","decl":{"start":{"line":21,"column":56},"end":{"line":21,"column":57}},"loc":{"start":{"line":21,"column":76},"end":{"line":34,"column":1}},"line":21},"1":{"name":"(anonymous_1)","decl":{"start":{"line":36,"column":36},"end":{"line":36,"column":37}},"loc":{"start":{"line":36,"column":56},"end":{"line":38,"column":1}},"line":36},"2":{"name":"(anonymous_2)","decl":{"start":{"line":40,"column":54},"end":{"line":40,"column":55}},"loc":{"start":{"line":40,"column":68},"end":{"line":70,"column":1}},"line":40},"3":{"name":"(anonymous_3)","decl":{"start":{"line":62,"column":32},"end":{"line":62,"column":33}},"loc":{"start":{"line":62,"column":39},"end":{"line":69,"column":2}},"line":62}},"branchMap":{"0":{"loc":{"start":{"line":44,"column":1},"end":{"line":44,"column":90}},"type":"if","locations":[{"start":{"line":44,"column":1},"end":{"line":44,"column":90}},{"start":{},"end":{}}],"line":44},"1":{"loc":{"start":{"line":44,"column":4},"end":{"line":44,"column":19}},"type":"binary-expr","locations":[{"start":{"line":44,"column":4},"end":{"line":44,"column":9}},{"start":{"line":44,"column":13},"end":{"line":44,"column":19}}],"line":44},"2":{"loc":{"start":{"line":48,"column":1},"end":{"line":50,"column":2}},"type":"if","locations":[{"start":{"line":48,"column":1},"end":{"line":50,"column":2}},{"start":{},"end":{}}],"line":48},"3":{"loc":{"start":{"line":54,"column":1},"end":{"line":58,"column":2}},"type":"if","locations":[{"start":{"line":54,"column":1},"end":{"line":58,"column":2}},{"start":{"line":55,"column":6},"end":{"line":58,"column":2}}],"line":54},"4":{"loc":{"start":{"line":55,"column":6},"end":{"line":58,"column":2}},"type":"if","locations":[{"start":{"line":55,"column":6},"end":{"line":58,"column":2}},{"start":{"line":56,"column":6},"end":{"line":58,"column":2}}],"line":55},"5":{"loc":{"start":{"line":63,"column":2},"end":{"line":66,"column":3}},"type":"if","locations":[{"start":{"line":63,"column":2},"end":{"line":66,"column":3}},{"start":{},"end":{}}],"line":63}},"s":{"0":0,"1":0,"2":0,"3":0,"4":0,"5":0,"6":0,"7":0,"8":0,"9":0,"10":0,"11":0,"12":0,"13":0,"14":0,"15":0,"16":0,"17":0,"18":0,"19":0,"20":0,"21":0,"22":0,"23":0,"24":0,"25":0,"26":0,"27":0,"28":0,"29":0,"30":0},"f":{"0":0,"1":0,"2":0,"3":0},"b":{"0":[0,0],"1":[0,0],"2":[0,0],"3":[0,0],"4":[0,0],"5":[0,0]},"inputSourceMap":null}
,"C:\\Users\\Moises\\programacion\\portfolio-manager\\src\\routes\\routesFront.js": {"path":"C:\\Users\\Moises\\programacion\\portfolio-manager\\src\\routes\\routesFront.js","statementMap":{"0":{"start":{"line":12,"column":20},"end":{"line":12,"column":29}},"1":{"start":{"line":14,"column":0},"end":{"line":14,"column":37}},"2":{"start":{"line":15,"column":0},"end":{"line":15,"column":58}},"3":{"start":{"line":17,"column":0},"end":{"line":29,"column":2}},"4":{"start":{"line":18,"column":1},"end":{"line":28,"column":2}},"5":{"start":{"line":19,"column":22},"end":{"line":19,"column":50}},"6":{"start":{"line":21,"column":2},"end":{"line":24,"column":4}},"7":{"start":{"line":26,"column":2},"end":{"line":26,"column":39}},"8":{"start":{"line":27,"column":2},"end":{"line":27,"column":50}}},"fnMap":{"0":{"name":"(anonymous_0)","decl":{"start":{"line":17,"column":21},"end":{"line":17,"column":22}},"loc":{"start":{"line":17,"column":41},"end":{"line":29,"column":1}},"line":17}},"branchMap":{"0":{"loc":{"start":{"line":22,"column":10},"end":{"line":22,"column":34}},"type":"binary-expr","locations":[{"start":{"line":22,"column":10},"end":{"line":22,"column":28}},{"start":{"line":22,"column":32},"end":{"line":22,"column":34}}],"line":22},"1":{"loc":{"start":{"line":23,"column":8},"end":{"line":23,"column":30}},"type":"binary-expr","locations":[{"start":{"line":23,"column":8},"end":{"line":23,"column":24}},{"start":{"line":23,"column":28},"end":{"line":23,"column":30}}],"line":23}},"s":{"0":0,"1":0,"2":0,"3":0,"4":0,"5":0,"6":0,"7":0,"8":0},"f":{"0":0},"b":{"0":[0,0],"1":[0,0]},"inputSourceMap":null}
}
