TN:
SF:src\controller\controllerProfile.js
FN:9,handleCreateProfile
FN:26,handleGetAllProfiles
FN:37,handleGetProfileById
FN:47,handleGetLastProfile
FNF:4
FNH:0
FNDA:0,handleCreateProfile
FNDA:0,handleGetAllProfiles
FNDA:0,handleGetProfileById
FNDA:0,handleGetLastProfile
DA:10,0
DA:11,0
DA:12,0
DA:13,0
DA:16,0
DA:17,0
DA:18,0
DA:19,0
DA:21,0
DA:22,0
DA:27,0
DA:28,0
DA:29,0
DA:30,0
DA:32,0
DA:33,0
DA:38,0
DA:39,0
DA:40,0
DA:42,0
DA:43,0
DA:48,0
DA:49,0
DA:50,0
DA:52,0
DA:53,0
LF:26
LH:0
BRDA:10,0,0,0
BRDA:10,0,1,0
BRDA:10,1,0,0
BRDA:10,1,1,0
BRF:4
BRH:0
end_of_record
TN:
SF:src\db\sqliteClient.js
FN:13,getDbConnection
FN:23,(anonymous_1)
FN:35,initializeDataBase
FN:46,(anonymous_3)
FN:47,(anonymous_4)
FN:57,closeDbConnection
FN:59,(anonymous_6)
FNF:7
FNH:0
FNDA:0,getDbConnection
FNDA:0,(anonymous_1)
FNDA:0,initializeDataBase
FNDA:0,(anonymous_3)
FNDA:0,(anonymous_4)
FNDA:0,closeDbConnection
FNDA:0,(anonymous_6)
DA:6,1
DA:8,1
DA:9,1
DA:11,1
DA:14,0
DA:15,0
DA:18,0
DA:19,0
DA:20,0
DA:23,0
DA:24,0
DA:25,0
DA:26,0
DA:28,0
DA:32,0
DA:36,0
DA:37,0
DA:46,0
DA:47,0
DA:48,0
DA:49,0
DA:51,0
DA:58,0
DA:59,0
DA:60,0
DA:61,0
DA:63,0
DA:66,0
LF:28
LH:4
BRDA:8,0,0,1
BRDA:8,0,1,1
BRDA:14,1,0,0
BRDA:14,1,1,0
BRDA:18,2,0,0
BRDA:18,2,1,0
BRDA:24,3,0,0
BRDA:24,3,1,0
BRDA:48,4,0,0
BRDA:48,4,1,0
BRDA:58,5,0,0
BRDA:58,5,1,0
BRDA:60,6,0,0
BRDA:60,6,1,0
BRF:14
BRH:2
end_of_record
TN:
SF:src\middleware\validateProfile.js
FN:1,validateProfileInput
FNF:1
FNH:1
FNDA:11,validateProfileInput
DA:2,11
DA:4,11
DA:5,2
DA:10,9
DA:11,2
DA:16,7
DA:17,2
DA:22,5
DA:23,2
DA:28,3
LF:10
LH:10
BRDA:4,0,0,2
BRDA:4,0,1,9
BRDA:4,1,0,11
BRDA:4,1,1,10
BRDA:10,2,0,2
BRDA:10,2,1,7
BRDA:10,3,0,9
BRDA:10,3,1,8
BRDA:16,4,0,2
BRDA:16,4,1,5
BRDA:22,5,0,2
BRDA:22,5,1,3
BRF:12
BRH:12
end_of_record
TN:
SF:src\model\modelProfile.js
FN:4,createProfile
FN:12,(anonymous_1)
FN:13,(anonymous_2)
FN:31,getAllProfiles
FN:40,(anonymous_4)
FN:41,(anonymous_5)
FN:53,getProfileById
FN:62,(anonymous_7)
FN:63,(anonymous_8)
FN:75,getLastProfile
FN:85,(anonymous_10)
FN:86,(anonymous_11)
FNF:12
FNH:0
FNDA:0,createProfile
FNDA:0,(anonymous_1)
FNDA:0,(anonymous_2)
FNDA:0,getAllProfiles
FNDA:0,(anonymous_4)
FNDA:0,(anonymous_5)
FNDA:0,getProfileById
FNDA:0,(anonymous_7)
FNDA:0,(anonymous_8)
FNDA:0,getLastProfile
FNDA:0,(anonymous_10)
FNDA:0,(anonymous_11)
DA:5,0
DA:7,0
DA:12,0
DA:13,0
DA:14,0
DA:15,0
DA:16,0
DA:18,0
DA:24,0
DA:25,0
DA:32,0
DA:34,0
DA:40,0
DA:41,0
DA:42,0
DA:43,0
DA:44,0
DA:46,0
DA:47,0
DA:54,0
DA:56,0
DA:62,0
DA:63,0
DA:64,0
DA:65,0
DA:66,0
DA:68,0
DA:69,0
DA:76,0
DA:78,0
DA:85,0
DA:86,0
DA:87,0
DA:88,0
DA:89,0
DA:91,0
DA:92,0
LF:37
LH:0
BRDA:14,0,0,0
BRDA:14,0,1,0
BRDA:42,1,0,0
BRDA:42,1,1,0
BRDA:46,2,0,0
BRDA:46,2,1,0
BRDA:47,3,0,0
BRDA:47,3,1,0
BRDA:64,4,0,0
BRDA:64,4,1,0
BRDA:69,5,0,0
BRDA:69,5,1,0
BRDA:87,6,0,0
BRDA:87,6,1,0
BRDA:92,7,0,0
BRDA:92,7,1,0
BRF:16
BRH:0
end_of_record
TN:
SF:src\routes\routerAdmin.js
FN:10,(anonymous_0)
FNF:1
FNH:0
FNDA:0,(anonymous_0)
DA:5,0
DA:7,0
DA:8,0
DA:10,0
DA:11,0
DA:12,0
DA:14,0
DA:15,0
LF:8
LH:0
BRF:0
BRH:0
end_of_record
TN:
SF:src\routes\routerApi.js
FN:14,(anonymous_0)
FNF:1
FNH:0
FNDA:0,(anonymous_0)
DA:12,0
DA:14,0
DA:15,0
DA:17,0
DA:18,0
DA:19,0
DA:24,0
DA:25,0
LF:8
LH:0
BRF:0
BRH:0
end_of_record
TN:
SF:src\routes\routesFront.js
FN:17,(anonymous_0)
FNF:1
FNH:0
FNDA:0,(anonymous_0)
DA:12,0
DA:14,0
DA:15,0
DA:17,0
DA:18,0
DA:19,0
DA:21,0
DA:26,0
DA:27,0
LF:9
LH:0
BRDA:22,0,0,0
BRDA:22,0,1,0
BRDA:23,1,0,0
BRDA:23,1,1,0
BRF:4
BRH:0
end_of_record
